e:\code\lox-c\clox\debug\vc142.pdb
e:\code\lox-c\clox\debug\vc142.idb
e:\code\lox-c\clox\debug\vm.nativecodeanalysis.sarif
e:\code\lox-c\clox\debug\vm.nativecodeanalysis.xml
e:\code\lox-c\clox\debug\values.nativecodeanalysis.sarif
e:\code\lox-c\clox\debug\values.nativecodeanalysis.xml
e:\code\lox-c\clox\debug\scanner.nativecodeanalysis.sarif
e:\code\lox-c\clox\debug\scanner.nativecodeanalysis.xml
e:\code\lox-c\clox\debug\memory.nativecodeanalysis.sarif
e:\code\lox-c\clox\debug\memory.nativecodeanalysis.xml
e:\code\lox-c\clox\debug\main.nativecodeanalysis.sarif
e:\code\lox-c\clox\debug\main.nativecodeanalysis.xml
e:\code\lox-c\clox\debug\debug.nativecodeanalysis.sarif
e:\code\lox-c\clox\debug\debug.nativecodeanalysis.xml
e:\code\lox-c\clox\debug\compiler.nativecodeanalysis.sarif
e:\code\lox-c\clox\debug\compiler.nativecodeanalysis.xml
e:\code\lox-c\clox\debug\chunk.nativecodeanalysis.sarif
e:\code\lox-c\clox\debug\chunk.nativecodeanalysis.xml
e:\code\lox-c\clox\debug\chunk.obj
e:\code\lox-c\clox\debug\compiler.obj
e:\code\lox-c\clox\debug\debug.obj
e:\code\lox-c\clox\debug\main.obj
e:\code\lox-c\clox\debug\memory.obj
e:\code\lox-c\clox\debug\scanner.obj
e:\code\lox-c\clox\debug\values.obj
e:\code\lox-c\clox\debug\vm.obj
e:\code\lox-c\clox\debug\clox.ilk
e:\code\lox-c\clox\debug\clox.exe
e:\code\lox-c\clox\debug\clox.pdb
e:\code\lox-c\clox\debug\nativecodeanalysis.read.1.tlog
e:\code\lox-c\clox\debug\vc.nativecodeanalysis.all.xml
e:\code\lox-c\clox\debug\clox.exe.lastcodeanalysissucceeded
e:\code\lox-c\clox\debug\clox.tlog\cl.command.1.tlog
e:\code\lox-c\clox\debug\clox.tlog\cl.read.1.tlog
e:\code\lox-c\clox\debug\clox.tlog\cl.write.1.tlog
e:\code\lox-c\clox\debug\clox.tlog\link.command.1.tlog
e:\code\lox-c\clox\debug\clox.tlog\link.read.1.tlog
e:\code\lox-c\clox\debug\clox.tlog\link.write.1.tlog
